Namespace(config_file='../../conf/CKD_config.yaml', disease_agnostic=None, fast=None, iterations='10', known_genes_file=None, nthreads='10', output_dir='../../../../../../../projects/cgr/users/cgr-ds/kvtp611/CKD-XGBoost-debug', run_tag='all', superv_models='xgb', tier_tag=None)
Phenotype/Output dir: CKD-XGBoost-debug
../../../../../../../projects/cgr/users/cgr-ds/kvtp611/CKD-XGBoost-debug
P/U Balancing ratio:  1.5
nthreads: 10
Stochastic iterations: 10
Classifiers: ['XGBoost']
Custom known genes: None

>> Compiling feature tables per class...

>> Compiling ExAC / CNV / mut_prob features...
(15734, 8)
ExAC: (15734, 8)

>> Compiling PHAROS...
PHAROS: (20244, 15)

>> Compiling essential mouse gene features...
(20029, 11)
Essential mouse genes: (20029, 5)

>> Compiling DGIdb features...
(2993, 2)
DGIdb: (2993, 2)

>> Compiling druggability labels...
Tier:  None
Druggability Labels: (4463, 2)

>> Merging all data frames together...
(20132, 22)
(20136, 26)
(20136, 28)
Saved to ../../../../../../../projects/cgr/users/cgr-ds/kvtp611/CKD-XGBoost-debug/data/compiled_feature_tables/generic_feature_table.tsv
(20136, 29)

>> Compiling HPO features...
Total HPO Genes associated with selected pattern: 627
HPO: (627, 2)
(627, 2)
  Gene_Name  known_gene
0      MKKS           1
1     USP9X           1
2     RBM10           1
3     SMC1A           1
4      ACTB           1

>> Compiling GTEx features...
All patterns: ['renal', 'kidney', 'nephro', 'glomerul', 'distal tubule']
['gene_id' 'Gene_Name' 'Adipose - Subcutaneous'
 'Adipose - Visceral (Omentum)' 'Adrenal Gland' 'Artery - Aorta'
 'Artery - Coronary' 'Artery - Tibial' 'Bladder' 'Brain - Amygdala'
 'Brain - Anterior cingulate cortex (BA24)'
 'Brain - Caudate (basal ganglia)' 'Brain - Cerebellar Hemisphere'
 'Brain - Cerebellum' 'Brain - Cortex' 'Brain - Frontal Cortex (BA9)'
 'Brain - Hippocampus' 'Brain - Hypothalamus'
 'Brain - Nucleus accumbens (basal ganglia)'
 'Brain - Putamen (basal ganglia)' 'Brain - Spinal cord (cervical c-1)'
 'Brain - Substantia nigra' 'Breast - Mammary Tissue'
 'Cells - EBV-transformed lymphocytes' 'Cells - Transformed fibroblasts'
 'Cervix - Ectocervix' 'Cervix - Endocervix' 'Colon - Sigmoid'
 'Colon - Transverse' 'Esophagus - Gastroesophageal Junction'
 'Esophagus - Mucosa' 'Esophagus - Muscularis' 'Fallopian Tube'
 'Heart - Atrial Appendage' 'Heart - Left Ventricle' 'Kidney - Cortex'
 'Liver' 'Lung' 'Minor Salivary Gland' 'Muscle - Skeletal'
 'Nerve - Tibial' 'Ovary' 'Pancreas' 'Pituitary' 'Prostate'
 'Skin - Not Sun Exposed (Suprapubic)' 'Skin - Sun Exposed (Lower leg)'
 'Small Intestine - Terminal Ileum' 'Spleen' 'Stomach' 'Testis' 'Thyroid'
 'Uterus' 'Vagina' 'Whole Blood']

 kidney : ['Kidney - Cortex']
GTEx:   Gene_Name  GTEx_kidney_TPM_expression  GTEx_kidney_Expression_Rank
0       FTL                      5659.0                            1
1      GPX3                      4051.0                            2
2      SPP1                      2194.0                            3
3    EEF1A1                      1441.0                            4
4      TPT1                      1332.0                            5
GTEx: (18225, 3)

>> Compiling Human Protein Atlas features...
(1053330, 6)
[normal] Keeping only entries from tissue: re.compile('renal|kidney|nephro|glomerul|distal tubule', re.IGNORECASE) ...
[normal] Removing entries with Reliability = 'Uncertain...'
(21227, 6)
    Gene name           Cell type         Level
34     TSPAN6  cells in glomeruli  Not detected
35     TSPAN6    cells in tubules        Medium
114      DPM1  cells in glomeruli        Medium
115      DPM1    cells in tubules          High
191     SCYL3  cells in glomeruli        Medium
Collapsing normal tissue expression from entries with same gene (keeping highest)...
          Level  delim_cnt final_level
Gene name                             
A1BG        0|0          1           0
A1CF        0|3          1           3
A2M         1|1          1           1
A2ML1       0|0          1           0
A4GNT       0|0          1           0
          Gene_Name ProteinAtlas_gene_expr_levels
Gene name                                        
A1BG           A1BG                  Not_detected
A1CF           A1CF                        Medium
A2M             A2M                           Low
A2ML1         A2ML1                  Not_detected
A4GNT         A4GNT                  Not_detected
(10614, 2)
(725681, 5)
[rna] Keeping only entries from tissue: re.compile('renal|kidney|nephro|glomerul|distal tubule', re.IGNORECASE) ...
Collapsing rna tissue expression from entries with same gene (sum)...
(19613, 5)
(19600, 2)
          Gene_Name  ProteinAtlas_RNA_expression_TMP
Gene name                                           
A1BG           A1BG                              0.1
A1CF           A1CF                             13.4
A2M             A2M                            304.7
A2ML1         A2ML1                              0.0
A3GALT2     A3GALT2                              0.0
Human Protein Atlas: (19600, 3)
(19600, 3)

>> Compiling MsigDB GO features...
(199, 2)
(161, 2)
(173, 2)
(69, 2)
(0, 2)
['Gene_Name', 'GO_renal', 'GO_kidney', 'GO_nephro', 'GO_glomerul', 'GO_distal tubule']
MSigDB: (288, 6)
  Gene_Name  GO_renal  GO_kidney  GO_nephro  GO_glomerul  GO_distal tubule
0     SALL1       1.0        1.0        1.0          0.0               0.0
1     UTS2R       1.0        0.0        0.0          1.0               0.0
2    PTGER4       1.0        0.0        0.0          0.0               0.0
3      GJA1       1.0        0.0        0.0          1.0               0.0
4      NPNT       1.0        1.0        1.0          0.0               0.0
['Gene_Name' 'GO_renal' 'GO_kidney' 'GO_nephro' 'GO_glomerul'
 'GO_distal tubule']
>> Compiling MGI phenotype-associated genes features...
MGI: (1374, 2)

>> Compiling InWeb features...
  Gene_Name  Inferred_seed_genes_overlap
0       A2M                     0.000000
1    A4GALT                     0.000000
2     A4GNT                     0.055556
3      AAAS                     0.041237
4      AACS                     0.000000
  Gene_Name  Experimental_seed_genes_overlap
0      A1BG                         0.142857
1      A1CF                         0.166667
2       A2M                         0.071429
3     A2ML1                         0.100000
4    A4GALT                         0.000000
InWeb_IM: (17429, 3)

>> Merging all data frames together...
(17429, 4)
(17429, 6)
(17429, 8)
(17429, 13)
Saved to ../../../../../../../projects/cgr/users/cgr-ds/kvtp611/CKD-XGBoost-debug/data/compiled_feature_tables/filtered_by_disease_feature_table.tsv
(17429, 13)
>>> Using disease-specific features...

>> Compiling CKDdb features
CKDdb: (27144, 3)

>> Compiling GOA Kidney_Research_Priority feature...
GOA: (1917, 2)

>>Compiling nephro eQTL features...
- Tubuli QTL features
(1243, 4)
- Glomerular QTL features
(557, 4)
NephQTL: (1562, 7)

>> Merging all data frames together...
(27652, 4)
(28117, 10)
Saved to ../../../../../../../projects/cgr/users/cgr-ds/kvtp611/CKD-XGBoost-debug/data/compiled_feature_tables/ckd_specific_feature_table.tsv
Gene_Name                         0
CKDdb_num_of_studies            973
CKDdb_Disease                   973
GOA_Kidney_Research_Priority      0
tub_Exp_num_of_eQTLs              0
tub_Pr_of_no_eQTL                 0
tub_FDR                           0
glom_Exp_num_of_eQTLs             0
glom_Pr_of_no_eQTL                0
glom_FDR                          0
dtype: int64
  Gene_Name  CKDdb_num_of_studies  CKDdb_Disease  \
0       IGK                 124.0            1.0   
1     SDNK1                 124.0            1.0   
2       A30                 124.0            1.0   
3       A1A                  51.0            1.0   
4  SERPINA1                  51.0            1.0   

   GOA_Kidney_Research_Priority  tub_Exp_num_of_eQTLs  tub_Pr_of_no_eQTL  \
0                             0                   0.0                0.0   
1                             0                   0.0                0.0   
2                             0                   0.0                0.0   
3                             0                   0.0                0.0   
4                             1                   0.0                0.0   

   tub_FDR  glom_Exp_num_of_eQTLs  glom_Pr_of_no_eQTL  glom_FDR  
0      0.0                    0.0                 0.0       0.0  
1      0.0                    0.0                 0.0       0.0  
2      0.0                    0.0                 0.0       0.0  
3      0.0                    0.0                 0.0       0.0  
4      0.0                    0.0                 0.0       0.0  
(28117, 10)

>> Combining all feature tables together...
(28117, 10)
(20136, 50)
Combining known genes with druggability..
Number of features with missing data: 34
|	Feature	|	Total	|	Percent	|
drug_claim_name	16753.0	85.15	
interaction_types	16753.0	85.15	
hpa_prot_spec	9393.0	47.74	
gc_content	5150.0	26.18	
mean_rd	5150.0	26.18	
complexity	5150.0	26.18	
cds_len	5150.0	26.18	
gene_length	5150.0	26.18	
num_targ	5150.0	26.18	
cnv.score	5150.0	26.18	
hpm_gene_spec	3822.0	19.43	
GTEx_kidney_TPM_expression	3809.0	19.36	
GTEx_kidney_Expression_Rank	3809.0	19.36	
hpm_prot_spec	3622.0	18.41	
GO_renal	2819.0	14.33	
ProteinAtlas_gene_expr_levels	2819.0	14.33	
GO_kidney	2819.0	14.33	
GO_nephro	2819.0	14.33	
Inferred_seed_genes_overlap	2819.0	14.33	
Experimental_seed_genes_overlap	2819.0	14.33	
GO_glomerul	2819.0	14.33	
GO_distal tubule	2819.0	14.33	
ProteinAtlas_RNA_expression_TMP	2819.0	14.33	
Non-essential	2141.0	10.88	
Essential	2141.0	10.88	
GC%	2141.0	10.88	
Overexpressed_in_the_brain	2141.0	10.88	
novelty	2109.0	10.72	
GTEx_spec	1187.0	6.03	
hpa_RNA_spec	1049.0	5.33	
known_gene	317.0	1.61	
antibodyCount	1.0	0.01	
monoclonalCount	1.0	0.01	
Gene_Name	1.0	0.01	


>> Removing features with high ratio of missing data...

>> Removing unkown genes
Dropped 10 features with more than 25.0% missing values
drug_claim_name, interaction_types, hpa_prot_spec, gc_content, mean_rd, complexity, cds_len, gene_length, num_targ, cnv.score

>> Imputing missing data...
Number of features with missing data: 0
All missing data have been successfully imputed.
(19673, 49)
Saved full feature table (after imputation) to ../../../../../../../projects/cgr/users/cgr-ds/kvtp611/CKD-XGBoost-debug/data/compiled_feature_tables/complete_feature_table.tsv

>> Reading input table...
Total number of features: 48


>> Plotting feature correlation map (pre_filtered)...

>> Removing duplicate features...
Duplicate features: 0
[]
-Remaining number of features: 48
---------

>> Dropping uninformative features...
Discarded 1 uninformative feature(s)
['GO_distal tubule']
-Remaining number of features: 47

>> Fixing feature types...
>> Checking for missing data...
All missing data have been successfully imputed.

>> Normalising feature table...
Categorical features:
Index(['ProteinAtlas_gene_expr_levels', 'known_gene'], dtype='object')

>> Dummifying categorical variables (one-hot encoding)...

>> Removing features with high correlation...
Removed 8 features with correlation > 0.8 ...
-Remaining number of features: 39

>> Plotting feature correlation map (post_filtering)...

>> Plotting histograms for all numeric features...

>> Plotting histograms for all categorical features...

>> Dummifying categorical variables (one-hot encoding)...

>> Splitting _full_ dataset to train and test sets...
Training set size: 15738
Test set size: 3935

>> Fixing class imbalance...
Balanced feature table: 450 data points x 43 features.

>> Splitting _balanced_ dataset to train and test sets...
Training set size: 360
Test set size: 90

____ EDA pre-processing complete! ____

Classifier: XGBoost
Using TensorFlow backend.
-----------------------------------------------> Iteration: 1

>> Getting balanced datasets...

>> Splitting into training and test sets...

Total num of train/test sets: 900
AUC: 0.8376623376623377
AUC: 0.8299319727891156
AUC: 0.7727272727272727
AUC: 0.8766233766233766
AUC: 0.9393939393939393
AUC: 0.8909090909090909
AUC: 0.903030303030303
AUC: 0.8863636363636364
AUC: 0.922077922077922
AUC: 0.8636363636363635
AUC: 0.8775510204081634
AUC: 0.8696969696969696
AUC: 0.935064935064935
AUC: 0.8606060606060606
AUC: 0.9251700680272109
AUC: 0.9575757575757575
AUC: 0.9333333333333333
AUC: 0.8993506493506493
AUC: 0.9285714285714286
AUC: 0.7517006802721089
AUC: 0.9318181818181818
AUC: 0.9060606060606061
AUC: 0.8454545454545455
AUC: 0.948051948051948
AUC: 0.9060606060606061
AUC: 0.9285714285714285
AUC: 0.7878787878787878
AUC: 0.9183673469387756
AUC: 0.8575757575757575
AUC: 0.9090909090909092
AUC: 0.8454545454545455
AUC: 0.8603896103896104
AUC: 0.8639455782312926
AUC: 0.8848484848484848
AUC: 0.9183673469387754
AUC: 0.9454545454545454
AUC: 0.9448051948051948
AUC: 0.9319727891156463
AUC: 0.9155844155844156
AUC: 0.9515151515151514
AUC: 0.9333333333333333
AUC: 0.9123376623376622
AUC: 0.9577922077922079
AUC: 0.8666666666666667
AUC: 0.8733766233766234
AUC: 0.7787878787878788
AUC: 0.9123376623376622
AUC: 0.9707792207792207
AUC: 0.9188311688311689
AUC: 0.8877551020408163
AUC: 0.9030303030303031
AUC: 0.8993506493506493
AUC: 0.9454545454545455
AUC: 0.9545454545454545
AUC: 0.9149659863945578
AUC: 0.8084415584415585
AUC: 0.8303030303030303
AUC: 0.9013605442176871
AUC: 0.9303030303030303
AUC: 0.8311688311688312
AUC: 0.9188311688311688
AUC: 0.9151515151515152
AUC: 0.8969696969696971
AUC: 0.8571428571428572
AUC: 0.9285714285714286
AUC: 0.7727272727272727
AUC: 0.906060606060606
AUC: 0.8333333333333333
AUC: 0.8571428571428572
AUC: 0.9155844155844155
AUC: 0.948051948051948
AUC: 0.9060606060606061
AUC: 0.8928571428571428
AUC: 0.9090909090909091
AUC: 0.9115646258503401
AUC: 0.9383116883116883
AUC: 0.9090909090909091
AUC: 0.724025974025974
AUC: 0.8939393939393938
AUC: 0.974025974025974
AUC: 0.909090909090909
AUC: 0.9081632653061225
AUC: 0.8575757575757577
AUC: 0.8928571428571429
AUC: 0.935064935064935
AUC: 0.8896103896103895
AUC: 0.9484848484848485
AUC: 0.8503401360544217
AUC: 0.9253246753246753
AUC: 0.9181818181818182
AUC: 0.915151515151515
AUC: 0.8484848484848485
AUC: 0.7987012987012987
AUC: 0.9577922077922078
AUC: 0.9047619047619048
AUC: 0.9421768707482995
AUC: 0.8863636363636364
AUC: 0.9424242424242425
AUC: 0.9421768707482994
AUC: 0.9333333333333333
AUC: 0.948051948051948
AUC: 0.9489795918367347
AUC: 0.9489795918367347
AUC: 0.9090909090909092
AUC: 0.8831168831168831
AUC: 0.896969696969697
AUC: 0.8741496598639455
AUC: 0.8575757575757574
AUC: 0.8538961038961039
AUC: 0.9424242424242424
AUC: 0.9424242424242424
AUC: 0.8798701298701299
AUC: 0.9303030303030303
AUC: 0.9319727891156462
AUC: 0.9772727272727272
AUC: 0.891156462585034
AUC: 0.890909090909091
AUC: 0.8376623376623377
AUC: 0.7337662337662338
AUC: 0.9272727272727272
AUC: 0.9696969696969697
AUC: 0.8545454545454546
AUC: 0.9058441558441559
AUC: 0.8928571428571428
AUC: 0.990909090909091
AUC: 0.9060606060606061
AUC: 0.9387755102040817
AUC: 0.9805194805194805
AUC: 0.9319727891156463
AUC: 0.8344155844155844
AUC: 0.8666666666666667
AUC: 0.9787878787878788
AUC: 0.9121212121212121
AUC: 0.7662337662337662
AUC: 0.9512987012987013
AUC: 0.8818181818181818
AUC: 0.9030303030303031
AUC: 0.8707482993197279
AUC: 0.9424242424242424
AUC: 0.890909090909091
AUC: 0.9455782312925171
AUC: 0.9025974025974026
AUC: 0.9220779220779222
AUC: 0.9181818181818182
AUC: 0.7909090909090909
AUC: 0.8435374149659864
AUC: 0.9149659863945578
AUC: 0.8696969696969696
AUC: 0.9512987012987013
AUC: 0.9242424242424243
AUC: 0.896969696969697
AUC: 0.9805194805194806
AUC: 0.8376623376623376
AUC: 0.9545454545454545
AUC: 0.8575757575757575
AUC: 0.9318181818181818
AUC: 0.9415584415584415
AUC: 0.9363636363636364
AUC: 0.9421768707482994
AUC: 0.961038961038961
AUC: 0.8878787878787879
AUC: 0.9415584415584415
AUC: 0.9251700680272108
AUC: 0.9030303030303031
AUC: 0.9837662337662337
AUC: 0.961038961038961
AUC: 0.9693877551020409
AUC: 0.8272727272727273
AUC: 0.922077922077922
AUC: 0.9060606060606061
AUC: 0.8896103896103896
AUC: 0.9030303030303031
AUC: 0.8787878787878789
AUC: 0.8537414965986394
AUC: 0.9837662337662338
AUC: 0.8376623376623377
AUC: 0.9188311688311689
AUC: 0.9575757575757575
AUC: 0.9421768707482994
AUC: 0.948051948051948
AUC: 0.9545454545454545
AUC: 0.9659863945578231
AUC: 0.8787878787878787
AUC: 0.9181818181818182
AUC: 0.9151515151515152
AUC: 0.9155844155844155
AUC: 0.9123376623376622
AUC: 0.8116883116883117
AUC: 0.9577922077922078
AUC: 0.8303030303030302
AUC: 0.9319727891156463
AUC: 0.8673469387755103
AUC: 0.8701298701298701
AUC: 0.8151515151515152
AUC: 0.8363636363636364
AUC: 0.906060606060606
AUC: 0.8831168831168831
AUC: 0.935064935064935
AUC: 0.9181818181818182
AUC: 0.7922077922077922
AUC: 0.9575757575757576
AUC: 0.9515151515151514
AUC: 0.9155844155844156
AUC: 0.8668831168831168
AUC: 0.8863636363636362
AUC: 0.9013605442176871
AUC: 0.9013605442176871
AUC: 0.8367346938775511
AUC: 0.8757575757575758
AUC: 0.9253246753246753
AUC: 0.8818181818181818
AUC: 0.945578231292517
AUC: 0.9333333333333333
AUC: 0.9151515151515153
AUC: 0.8639455782312926
AUC: 0.9772727272727272
AUC: 0.9383116883116882
AUC: 0.7448979591836735
AUC: 0.9454545454545454
AUC: 0.9123376623376623
AUC: 0.9591836734693877
AUC: 0.8503401360544218
AUC: 0.8787878787878788
AUC: 0.8484848484848485
AUC: 0.9318181818181819
AUC: 0.8376623376623377
AUC: 0.9939393939393939
AUC: 0.8376623376623376
AUC: 0.8818181818181818
AUC: 0.8151515151515152
AUC: 0.9188311688311688
AUC: 0.9424242424242424
AUC: 0.9387755102040817
AUC: 0.9151515151515152
AUC: 0.896969696969697
AUC: 0.9319727891156464
AUC: 0.9393939393939393
AUC: 0.9253246753246753
AUC: 0.8571428571428571
AUC: 0.7484848484848484
AUC: 0.9448051948051948
AUC: 0.8051948051948051
AUC: 0.8733766233766234
AUC: 0.9149659863945578
AUC: 0.9415584415584415
AUC: 0.922077922077922
AUC: 0.827922077922078
AUC: 0.9181818181818182
AUC: 0.9217687074829932
AUC: 0.9363636363636363
AUC: 0.8606060606060606
AUC: 0.8151515151515152
AUC: 0.9151515151515152
AUC: 0.9121212121212122
AUC: 0.8911564625850339
AUC: 0.9155844155844156
AUC: 0.9606060606060606
AUC: 0.8474025974025974
AUC: 0.9636363636363636
AUC: 0.8376623376623377
AUC: 0.8993506493506495
AUC: 0.9636363636363636
AUC: 0.9383116883116884
AUC: 0.9212121212121211
AUC: 0.703030303030303
AUC: 0.870748299319728
AUC: 0.8503401360544218
AUC: 0.9090909090909091
AUC: 0.8696969696969697
AUC: 0.9
AUC: 0.8376623376623377
AUC: 0.9285714285714286
AUC: 0.974025974025974
AUC: 0.8896103896103896
AUC: 0.9523809523809523
AUC: 0.8701298701298701
AUC: 0.9393939393939394
AUC: 0.8961038961038961
AUC: 0.8095238095238095
AUC: 0.945578231292517
AUC: 0.801948051948052
AUC: 0.9013605442176871
AUC: 0.9727891156462586
AUC: 0.8393939393939394
AUC: 0.7848484848484849
AUC: 0.9454545454545454
AUC: 0.9659863945578231
AUC: 0.7545454545454545
AUC: 0.9
AUC: 0.8707482993197279
AUC: 0.9319727891156462
AUC: 0.8214285714285714
AUC: 0.8537414965986394
AUC: 0.8928571428571428
AUC: 0.8606060606060606
AUC: 0.9636363636363636
AUC: 0.9387755102040816
AUC: 0.782312925170068
AUC: 0.8571428571428571
AUC: 0.8424242424242425
AUC: 0.9415584415584415
AUC: 0.8279220779220778
AUC: 0.891156462585034
AUC: 0.9424242424242424
AUC: 0.9047619047619048
AUC: 0.8727272727272727
AUC: 0.8877551020408163
AUC: 0.9454545454545454
AUC: 0.9319727891156462
AUC: 0.9512987012987012
AUC: 0.9285714285714286
AUC: 0.8727272727272727
AUC: 0.9484848484848485
AUC: 0.9557823129251701
AUC: 0.8575757575757575
AUC: 0.896969696969697
AUC: 0.8843537414965986
AUC: 0.9448051948051948
AUC: 0.8537414965986394
AUC: 0.870748299319728
AUC: 0.8979591836734695
AUC: 0.8741496598639455
AUC: 0.9575757575757575
AUC: 0.846938775510204
AUC: 0.8798701298701298
AUC: 0.9557823129251701
AUC: 0.9606060606060606
AUC: 0.961038961038961
AUC: 0.9090909090909091
AUC: 0.9666666666666668
AUC: 0.8636363636363636
AUC: 0.8999999999999999
AUC: 0.9818181818181818
AUC: 0.8757575757575757
AUC: 0.9795918367346939
AUC: 0.9047619047619048
AUC: 0.9557823129251701
AUC: 0.8474025974025974
AUC: 0.9285714285714286
AUC: 0.8545454545454545
AUC: 0.8843537414965986
AUC: 0.8197278911564625
AUC: 0.9151515151515153
AUC: 0.8896103896103895
AUC: 0.9693877551020408
AUC: 0.8545454545454545
AUC: 0.9557823129251701
AUC: 0.9761904761904763
AUC: 0.9090909090909091
AUC: 0.9242424242424243
AUC: 0.9242424242424242
AUC: 0.8787878787878788
AUC: 0.8363636363636364
AUC: 0.9383116883116882
AUC: 0.8979591836734694
AUC: 0.8545454545454545
AUC: 0.9333333333333333
AUC: 0.870748299319728
AUC: 0.8537414965986394
AUC: 0.8673469387755102
AUC: 0.948051948051948
AUC: 0.8787878787878788
AUC: 0.8757575757575757
AUC: 0.9666666666666667
AUC: 0.9217687074829931
AUC: 0.8506493506493507
AUC: 0.9090909090909092
AUC: 0.8787878787878787
AUC: 0.9454545454545454
AUC: 0.9272727272727272
AUC: 0.8911564625850341
AUC: 0.8506493506493507
AUC: 0.870748299319728
AUC: 0.8605442176870748
AUC: 0.9149659863945578
AUC: 0.9220779220779222
AUC: 0.9285714285714285
AUC: 0.8878787878787879
AUC: 0.9318181818181819
AUC: 0.8741496598639455
AUC: 0.9863945578231293
AUC: 0.8084415584415585
AUC: 0.7787878787878788
AUC: 0.8636363636363635
AUC: 0.8848484848484849
AUC: 0.906060606060606
AUC: 0.9675324675324675
AUC: 0.9393939393939393
AUC: 0.9577922077922079
AUC: 0.8741496598639457
AUC: 0.9149659863945578
AUC: 0.9575757575757575
AUC: 0.9424242424242424
AUC: 0.9183673469387755
AUC: 0.935064935064935
AUC: 0.9693877551020408
AUC: 0.9183673469387755
AUC: 0.891156462585034
AUC: 0.9090909090909091
AUC: 0.9115646258503401
AUC: 0.9897959183673469
AUC: 0.8896103896103896
AUC: 0.9251700680272108
AUC: 0.9090909090909091
AUC: 0.9303030303030303
AUC: 0.8344155844155844
AUC: 0.9484848484848485
AUC: 0.9448051948051948
AUC: 0.9183673469387756
AUC: 0.9512987012987013
AUC: 0.9454545454545454
AUC: 0.8848484848484848
AUC: 0.8969696969696971
AUC: 0.8061224489795918
AUC: 0.8939393939393939
AUC: 0.9081632653061225
AUC: 0.8571428571428572
AUC: 0.8639455782312926
AUC: 0.915151515151515
AUC: 0.8798701298701298
AUC: 0.893939393939394
AUC: 0.9515151515151514
AUC: 0.7857142857142857
AUC: 0.974025974025974
AUC: 0.9421768707482993
AUC: 0.8537414965986394
AUC: 0.8979591836734694
AUC: 0.8095238095238096
AUC: 0.8545454545454545
AUC: 0.9285714285714286
AUC: 0.8503401360544218
AUC: 0.9333333333333333
AUC: 0.9727272727272727
AUC: 0.9421768707482994
AUC: 0.9319727891156463
AUC: 0.9591836734693877
AUC: 0.8909090909090909
AUC: 0.9455782312925171
AUC: 0.8116883116883117
AUC: 0.806060606060606
AUC: 0.9848484848484849
AUC: 0.7787878787878788
AUC: 0.9363636363636363
AUC: 0.8961038961038961
AUC: 0.8666666666666667
AUC: 0.7380952380952381
AUC: 0.9242424242424243
AUC: 0.9489795918367347
AUC: 0.8668831168831168
AUC: 0.8401360544217686
AUC: 0.9251700680272109
AUC: 0.8303030303030303
AUC: 0.9787878787878788
AUC: 0.9217687074829932
AUC: 0.9181818181818182
AUC: 0.8843537414965987
AUC: 0.8775510204081632
AUC: 0.9188311688311689
AUC: 0.8727272727272728
AUC: 0.935374149659864
AUC: 0.9242424242424242
AUC: 0.8896103896103896
AUC: 0.9188311688311688
AUC: 0.9448051948051948
AUC: 0.8606060606060606
AUC: 0.9393939393939394
AUC: 0.9047619047619049
AUC: 0.9424242424242424
AUC: 0.9489795918367347
AUC: 0.9421768707482993
AUC: 0.9515151515151516
AUC: 0.8877551020408163
AUC: 0.9272727272727272
AUC: 0.8909090909090909
AUC: 0.8909090909090909
AUC: 0.9285714285714286
AUC: 0.7987012987012987
AUC: 0.8181818181818181
AUC: 0.9285714285714286
AUC: 0.9285714285714286
AUC: 0.922077922077922
AUC: 0.9636363636363636
AUC: 0.8877551020408163
AUC: 0.9484848484848485
AUC: 0.9058441558441558
AUC: 0.9013605442176871
AUC: 0.9013605442176871
AUC: 0.9025974025974026
AUC: 0.8979591836734694
AUC: 0.9212121212121213
AUC: 0.9149659863945578
AUC: 0.8787878787878788
AUC: 0.8409090909090908
AUC: 0.8696969696969696
AUC: 0.903030303030303
AUC: 0.8877551020408163
AUC: 0.8571428571428572
AUC: 0.9591836734693877
AUC: 0.9285714285714286
AUC: 0.8696969696969697
AUC: 0.9772727272727273
AUC: 0.8696969696969697
AUC: 0.9454545454545454
AUC: 0.8701298701298702
AUC: 0.8878787878787879
AUC: 0.9047619047619048
AUC: 0.7999999999999999
AUC: 0.8636363636363636
AUC: 0.9047619047619048
AUC: 0.9183673469387754
AUC: 0.7694805194805195
AUC: 0.9557823129251701
AUC: 0.9727272727272727
AUC: 0.9523809523809523
AUC: 0.8809523809523809
AUC: 0.9575757575757576
AUC: 0.9318181818181818
AUC: 0.8727272727272727
AUC: 0.9421768707482994
AUC: 0.8279220779220778
AUC: 0.9666666666666666
AUC: 0.9025974025974026
AUC: 0.9545454545454546
AUC: 0.9319727891156463
AUC: 0.8945578231292517
AUC: 0.9557823129251701
AUC: 0.9285714285714286
AUC: 0.9272727272727272
AUC: 0.8454545454545455
AUC: 0.7891156462585034
AUC: 0.8538961038961038
AUC: 0.9217687074829932
AUC: 0.9090909090909091
AUC: 0.7857142857142857
AUC: 0.9272727272727272
AUC: 0.8928571428571428
AUC: 0.8757575757575757
AUC: 0.91156462585034
AUC: 0.9387755102040816
AUC: 0.8818181818181818
AUC: 0.9693877551020409
AUC: 0.8831168831168831
AUC: 0.8299319727891157
AUC: 0.8231292517006803
AUC: 0.9829931972789115
AUC: 0.9761904761904762
AUC: 0.8896103896103896
AUC: 0.9484848484848485
AUC: 0.806060606060606
AUC: 0.9090909090909092
AUC: 0.8393939393939394
AUC: 0.9363636363636364
AUC: 0.8545454545454545
AUC: 0.9090909090909091
AUC: 0.987012987012987
AUC: 0.9303030303030304
AUC: 0.7551020408163265
AUC: 0.9319727891156463
AUC: 0.8441558441558442
AUC: 0.8095238095238095
AUC: 0.7925170068027211
AUC: 0.8696969696969697
AUC: 0.9484848484848485
AUC: 0.9149659863945578
AUC: 0.8961038961038961
AUC: 0.9455782312925171
AUC: 0.9707792207792207
AUC: 0.8363636363636363
AUC: 0.891156462585034
AUC: 0.9081632653061225
AUC: 0.9333333333333333
AUC: 0.9121212121212122
AUC: 0.8242424242424242
AUC: 0.8515151515151516
AUC: 0.945578231292517
AUC: 0.8673469387755102
AUC: 0.8197278911564625
AUC: 0.9151515151515153
AUC: 0.9415584415584416
AUC: 0.8878787878787879
AUC: 0.9415584415584415
AUC: 0.9047619047619048
AUC: 0.9030303030303031
AUC: 0.9115646258503401
AUC: 0.8424242424242424
AUC: 0.8454545454545453
AUC: 0.8214285714285714
AUC: 0.8741496598639455
AUC: 0.9515151515151515
AUC: 0.9013605442176871
AUC: 0.9181818181818181
AUC: 0.9421768707482994
AUC: 0.9318181818181818
AUC: 0.9424242424242424
AUC: 0.8454545454545455
AUC: 0.9523809523809523
AUC: 0.9058441558441558
AUC: 0.9387755102040817
AUC: 0.8696969696969696
AUC: 0.9188311688311688
AUC: 0.8639455782312926
AUC: 0.935374149659864
AUC: 0.8909090909090909
AUC: 0.9393939393939394
AUC: 0.974025974025974
AUC: 0.801948051948052
AUC: 0.8575757575757574
AUC: 0.9121212121212121
AUC: 0.8163265306122449
AUC: 0.9575757575757575
AUC: 0.9151515151515152
AUC: 0.9115646258503401
AUC: 0.9285714285714286
AUC: 0.8435374149659864
AUC: 0.8775510204081634
AUC: 0.935064935064935
AUC: 0.9188311688311688
AUC: 0.8474025974025974
AUC: 0.8435374149659863
AUC: 0.9303030303030303
AUC: 0.8787878787878788
AUC: 0.8673469387755103
AUC: 0.896969696969697
AUC: 0.9047619047619048
AUC: 0.9217687074829932
AUC: 0.8911564625850341
AUC: 0.9757575757575757
AUC: 0.782312925170068
AUC: 0.8299319727891157
AUC: 0.9025974025974026
AUC: 0.8999999999999999
AUC: 0.9
AUC: 0.8603896103896104
AUC: 0.8503401360544218
AUC: 0.9030303030303031
AUC: 0.9333333333333333
AUC: 0.846938775510204
AUC: 0.9047619047619048
AUC: 0.9333333333333333
AUC: 0.8945578231292517
AUC: 0.812121212121212
AUC: 0.9387755102040816
AUC: 0.9025974025974026
AUC: 0.9523809523809523
AUC: 0.8911564625850341
AUC: 0.9606060606060606
AUC: 0.9545454545454545
AUC: 0.8571428571428571
AUC: 0.9030303030303031
AUC: 0.8818181818181818
AUC: 0.8424242424242424
AUC: 0.8673469387755102
AUC: 0.9188311688311688
AUC: 0.9285714285714286
AUC: 0.9625850340136055
AUC: 0.9217687074829932
AUC: 0.9545454545454545
AUC: 0.890909090909091
AUC: 0.803030303030303
AUC: 0.8401360544217686
AUC: 0.8818181818181818
AUC: 0.91156462585034
AUC: 0.7999999999999999
AUC: 0.9149659863945578
AUC: 0.8214285714285714
AUC: 0.8484848484848485
AUC: 0.8363636363636364
AUC: 0.9545454545454545
AUC: 0.8993506493506493
AUC: 0.9455782312925171
AUC: 0.826530612244898
AUC: 0.8636363636363636
AUC: 0.9149659863945578
AUC: 0.9090909090909091
AUC: 0.9319727891156463
AUC: 0.8537414965986394
AUC: 0.8909090909090909
AUC: 0.9155844155844155
AUC: 0.9489795918367347
AUC: 0.9151515151515152
AUC: 0.8696969696969697
AUC: 0.8242424242424242
AUC: 0.796969696969697
AUC: 0.9454545454545454
AUC: 0.8311688311688312
AUC: 0.8181818181818181
AUC: 0.9454545454545453
AUC: 0.9212121212121213
AUC: 0.9253246753246752
AUC: 0.9081632653061225
AUC: 0.935374149659864
AUC: 0.870748299319728
AUC: 0.9251700680272108
AUC: 0.9489795918367347
AUC: 0.9666666666666667
AUC: 0.8181818181818181
AUC: 0.9090909090909091
AUC: 0.9047619047619048
AUC: 0.8787878787878788
AUC: 0.8639455782312926
AUC: 0.9251700680272108
AUC: 0.8484848484848485
AUC: 0.9285714285714286
AUC: 0.9363636363636363
AUC: 0.8896103896103896
AUC: 0.9455782312925171
AUC: 0.8538961038961038
AUC: 0.9659863945578232
AUC: 0.8733766233766234
AUC: 0.8242424242424242
AUC: 0.9557823129251701
AUC: 0.891156462585034
AUC: 0.8696969696969697
AUC: 0.8696969696969696
AUC: 0.9181818181818182
AUC: 0.9025974025974026
AUC: 0.9030303030303031
AUC: 0.8896103896103896
AUC: 0.891156462585034
AUC: 0.9212121212121211
AUC: 0.896969696969697
AUC: 0.9577922077922078
AUC: 0.9489795918367347
AUC: 0.9424242424242424
AUC: 0.9251700680272109
AUC: 0.9795918367346939
AUC: 0.8027210884353742
AUC: 0.8707482993197279
AUC: 0.8741496598639455
AUC: 0.8197278911564625
AUC: 0.8733766233766234
AUC: 0.8668831168831169
AUC: 0.8212121212121212
AUC: 0.8242424242424242
AUC: 0.8741496598639457
AUC: 0.8909090909090909
AUC: 0.9545454545454545
AUC: 0.870748299319728
AUC: 0.8896103896103895
AUC: 0.9212121212121211
AUC: 0.935064935064935
AUC: 0.896969696969697
AUC: 0.9454545454545454
AUC: 0.8696969696969697
AUC: 0.9353741496598639
AUC: 0.9659863945578232
AUC: 0.9183673469387755
AUC: 0.8945578231292518
AUC: 0.8537414965986395
AUC: 0.8757575757575757
AUC: 0.9181818181818181
AUC: 0.8401360544217688
AUC: 0.9421768707482995
AUC: 0.9333333333333333
AUC: 0.9512987012987013
AUC: 0.935374149659864
AUC: 0.990909090909091
AUC: 0.8798701298701298
AUC: 0.9013605442176871
AUC: 0.9013605442176871
AUC: 0.8469387755102041
AUC: 0.8775510204081634
AUC: 0.9965986394557823
AUC: 0.8537414965986395
AUC: 0.8818181818181818
AUC: 0.8961038961038962
AUC: 0.8636363636363638
AUC: 0.9121212121212121
AUC: 0.9515151515151514
AUC: 0.9512987012987013
AUC: 0.9787878787878788
AUC: 0.891156462585034
AUC: 0.903030303030303
AUC: 0.9333333333333333
AUC: 0.8741496598639455
AUC: 0.9013605442176871
AUC: 0.9183673469387755
AUC: 0.8051948051948051
AUC: 0.9242424242424242
AUC: 0.935064935064935
AUC: 0.9151515151515152
AUC: 0.8877551020408163
AUC: 0.9421768707482994
AUC: 0.8376623376623377
AUC: 0.915151515151515
AUC: 0.8818181818181817
AUC: 0.95578231292517
AUC: 0.8775510204081634
AUC: 0.9545454545454546
AUC: 0.9787878787878788
AUC: 0.9333333333333333
AUC: 0.9363636363636364
AUC: 0.9606060606060606
AUC: 0.9123376623376623
AUC: 0.8979591836734695
AUC: 0.9149659863945578
AUC: 0.8775510204081634
AUC: 0.9047619047619048
AUC: 0.8909090909090909
AUC: 0.8212121212121212
AUC: 0.915151515151515
AUC: 0.8701298701298701
AUC: 0.8727272727272727
AUC: 0.8409090909090908
AUC: 0.9047619047619047
AUC: 0.9285714285714286
AUC: 0.9387755102040817
AUC: 0.9047619047619048
AUC: 0.9393939393939393
AUC: 0.8181818181818181
AUC: 0.9030303030303031
AUC: 0.8571428571428572
AUC: 0.8515151515151516
AUC: 0.7848484848484848
AUC: 0.8060606060606061
AUC: 0.7653061224489797
AUC: 0.8757575757575757
AUC: 0.8993506493506493
AUC: 0.9272727272727272
AUC: 0.8979591836734695
AUC: 0.7727272727272727
AUC: 0.9545454545454546
AUC: 0.8231292517006803
AUC: 0.9591836734693877
AUC: 0.8928571428571428
AUC: 0.9319727891156464
AUC: 0.9090909090909092
AUC: 0.8848484848484848
AUC: 0.9183673469387755
AUC: 0.8945578231292517
AUC: 0.8668831168831169
AUC: 0.9251700680272108
AUC: 0.8896103896103895
AUC: 0.9121212121212121
AUC: 0.8896103896103896
AUC: 0.9515151515151514
AUC: 0.8605442176870748
AUC: 0.9058441558441559
AUC: 0.9484848484848485
AUC: 0.9909090909090909
AUC: 0.8474025974025974
AUC: 0.9115646258503401
AUC: 0.9636363636363637
AUC: 0.8503401360544218
AUC: 0.9489795918367346
AUC: 0.9636363636363636
AUC: 0.9421768707482994
AUC: 0.8877551020408163
AUC: 0.9217687074829932
AUC: 0.8537414965986394
AUC: 0.7515151515151515
AUC: 0.9
AUC: 0.8441558441558441
AUC: 0.8606060606060606
AUC: 0.8809523809523809
AUC: 0.9448051948051948
AUC: 0.9421768707482994
AUC: 0.9181818181818182
AUC: 0.793939393939394
AUC: 0.9030303030303031
AUC: 0.9512987012987013
AUC: 0.8639455782312924
AUC: 0.9350649350649352
AUC: 0.8707482993197279
AUC: 0.9090909090909092
AUC: 0.9523809523809524
AUC: 0.9393939393939393
AUC: 0.8401360544217688
AUC: 0.8639455782312925
AUC: 0.9212121212121213
AUC: 0.8639455782312925
AUC: 0.9848484848484849
AUC: 0.8843537414965987
AUC: 0.945578231292517
AUC: 0.9591836734693877
AUC: 0.9253246753246753
AUC: 0.9155844155844156
AUC: 0.9363636363636364
AUC: 0.8939393939393939
AUC: 0.9761904761904763
AUC: 0.9217687074829932
AUC: 0.9121212121212121
AUC: 0.8939393939393939
AUC: 0.801948051948052
AUC: 0.8831168831168831
AUC: 0.9454545454545455
AUC: 0.9761904761904762
AUC: 0.9121212121212121
AUC: 0.8979591836734694
AUC: 0.8197278911564625
AUC: 0.9303030303030303
-----------------------------------------------> Iteration: 2

>> Getting balanced datasets...

>> Splitting into training and test sets...

Total num of train/test sets: 900
AUC: 0.9455782312925171
AUC: 0.8393939393939394
AUC: 0.8741496598639457
AUC: 0.9181818181818182
AUC: 0.9625850340136055
AUC: 0.9318181818181818
AUC: 0.987012987012987
AUC: 0.7824675324675324
AUC: 0.896969696969697
AUC: 0.9121212121212121
AUC: 0.9047619047619048
AUC: 0.891156462585034
AUC: 0.9272727272727272
AUC: 0.896969696969697
AUC: 0.961038961038961
AUC: 0.9151515151515152
AUC: 0.9090909090909091
AUC: 0.8606060606060606
AUC: 0.8877551020408163
AUC: 0.8571428571428571
AUC: 0.8272727272727273
AUC: 0.8571428571428571
AUC: 0.9454545454545454
AUC: 0.9217687074829932
AUC: 0.9967532467532468
AUC: 0.8945578231292517
AUC: 0.935064935064935
AUC: 0.9272727272727272
AUC: 0.8090909090909091
AUC: 0.9060606060606061
AUC: 0.9577922077922078
AUC: 0.8945578231292517
AUC: 0.8441558441558441
AUC: 0.9363636363636364
AUC: 0.935064935064935
AUC: 0.9
AUC: 0.8363636363636364
AUC: 0.9805194805194805
AUC: 0.9121212121212121
AUC: 0.9081632653061225
AUC: 0.9448051948051948
AUC: 0.9242424242424242
AUC: 0.9188311688311688
AUC: 0.826530612244898
AUC: 0.9393939393939394
AUC: 0.8454545454545455
AUC: 0.8537414965986395
AUC: 0.9025974025974026
AUC: 0.9787878787878789
AUC: 0.9181818181818181
AUC: 0.9448051948051948
AUC: 0.8668831168831168
AUC: 0.9242424242424242
AUC: 0.9285714285714285
AUC: 0.9025974025974026
AUC: 0.9013605442176871
AUC: 0.8993506493506493
AUC: 0.8878787878787879
AUC: 0.893939393939394
AUC: 0.8571428571428572
AUC: 0.9707792207792207
AUC: 0.9902597402597402
AUC: 0.8484848484848485
AUC: 0.8666666666666666
AUC: 0.9303030303030304
AUC: 0.948051948051948
AUC: 0.8969696969696971
AUC: 0.9424242424242424
AUC: 0.9060606060606061
AUC: 0.8084415584415585
AUC: 0.9415584415584415
AUC: 0.9188311688311689
AUC: 0.9217687074829932
AUC: 0.8333333333333334
AUC: 0.8798701298701298
AUC: 0.8376623376623376
AUC: 0.9383116883116884
AUC: 0.8393939393939394
AUC: 0.9591836734693878
AUC: 0.9727891156462586
AUC: 0.9636363636363636
AUC: 0.9090909090909091
AUC: 0.9285714285714285
AUC: 0.8571428571428571
AUC: 0.9727272727272728
AUC: 0.9272727272727272
AUC: 0.8441558441558441
AUC: 0.790909090909091
AUC: 0.8766233766233765
AUC: 0.9
AUC: 0.8636363636363636
AUC: 0.9523809523809524
AUC: 0.9272727272727272
AUC: 0.9081632653061225
AUC: 0.8474025974025974
AUC: 0.9805194805194806
AUC: 0.9969696969696971
AUC: 0.9303030303030304
AUC: 0.896969696969697
AUC: 0.9666666666666667
AUC: 0.9693877551020409
AUC: 0.9025974025974026
AUC: 0.9
AUC: 0.8979591836734693
AUC: 0.8019480519480519
AUC: 0.9642857142857143
AUC: 0.935064935064935
AUC: 0.8775510204081632
AUC: 0.8376623376623377
AUC: 0.9115646258503401
AUC: 0.8303030303030302
AUC: 0.9675324675324675
AUC: 0.8095238095238095
AUC: 0.9285714285714286
AUC: 0.9333333333333333
AUC: 0.9333333333333333
AUC: 0.9448051948051948
AUC: 0.8757575757575757
AUC: 0.9707792207792207
AUC: 0.8696969696969696
AUC: 0.8909090909090909
AUC: 0.9448051948051948
AUC: 0.7575757575757576
AUC: 0.7925170068027211
AUC: 0.935064935064935
AUC: 0.9318181818181818
AUC: 0.9217687074829932
AUC: 0.9383116883116882
AUC: 0.8818181818181818
AUC: 0.9666666666666666
AUC: 0.793939393939394
AUC: 0.8506493506493507
AUC: 0.9424242424242424
AUC: 0.9212121212121211
AUC: 0.9121212121212121
AUC: 0.9969696969696971
AUC: 0.9251700680272109
AUC: 0.891156462585034
AUC: 0.8798701298701298
AUC: 0.8636363636363636
AUC: 0.935064935064935
AUC: 0.7666666666666666
AUC: 0.993939393939394
AUC: 0.922077922077922
AUC: 0.7999999999999999
AUC: 0.8831168831168831
AUC: 0.8993506493506493
AUC: 0.935374149659864
AUC: 0.9183673469387754
AUC: 0.9363636363636363
AUC: 0.9318181818181819
AUC: 0.8939393939393939
AUC: 0.8605442176870748
AUC: 0.8363636363636363
AUC: 0.7666666666666666
AUC: 0.8376623376623377
AUC: 0.9303030303030303
AUC: 0.9448051948051948
AUC: 0.890909090909091
AUC: 0.9421768707482993
AUC: 0.8878787878787879
AUC: 0.8766233766233766
AUC: 0.9123376623376622
AUC: 0.8484848484848485
AUC: 0.8474025974025974
AUC: 0.8863636363636364
AUC: 0.9318181818181819
AUC: 0.9090909090909091
AUC: 0.9183673469387754
AUC: 0.974025974025974
AUC: 0.945578231292517
AUC: 0.8848484848484848
AUC: 0.9393939393939394
AUC: 0.9424242424242424
AUC: 0.9090909090909091
AUC: 0.8727272727272727
AUC: 0.8603896103896104
AUC: 0.9013605442176871
AUC: 0.9363636363636365
AUC: 0.8095238095238095
AUC: 0.8246753246753247
AUC: 0.8668831168831168
AUC: 0.9545454545454546
AUC: 0.7954545454545454
AUC: 0.8733766233766234
AUC: 0.8474025974025974
AUC: 0.8454545454545455
AUC: 0.8993506493506493
AUC: 0.7696969696969697
AUC: 0.9181818181818182
AUC: 0.9123376623376622
AUC: 0.9659863945578232
AUC: 0.8993506493506493
AUC: 0.7857142857142857
AUC: 0.906060606060606
AUC: 0.8945578231292517
AUC: 0.935374149659864
AUC: 0.9415584415584415
AUC: 0.9675324675324675
AUC: 0.9318181818181818
AUC: 0.9217687074829932
AUC: 0.8787878787878788
AUC: 0.8999999999999999
AUC: 0.8787878787878788
AUC: 0.8506493506493507
AUC: 0.896969696969697
AUC: 0.8246753246753247
AUC: 0.8344155844155845
AUC: 0.906060606060606
AUC: 0.9272727272727272
AUC: 0.9013605442176871
AUC: 0.9155844155844155
AUC: 0.8911564625850341
AUC: 0.9333333333333333
AUC: 0.8606060606060606
AUC: 0.9081632653061225
AUC: 0.8344155844155844
AUC: 0.922077922077922
AUC: 0.8636363636363636
AUC: 0.9772727272727273
AUC: 0.922077922077922
AUC: 0.7824675324675325
AUC: 0.9121212121212121
AUC: 0.9149659863945578
AUC: 0.8727272727272727
AUC: 0.9217687074829932
AUC: 0.8979591836734694
AUC: 0.9606060606060606
AUC: 0.9212121212121213
AUC: 0.7696969696969697
AUC: 0.8506493506493505
AUC: 0.9121212121212121
AUC: 0.7696969696969697
AUC: 0.8212121212121213
AUC: 0.9081632653061225
AUC: 0.8424242424242424
AUC: 0.8571428571428571
AUC: 0.7954545454545454
AUC: 0.9217687074829932
AUC: 0.8311688311688312
AUC: 0.9935064935064936
AUC: 0.8733766233766234
AUC: 0.9515151515151514
AUC: 0.9285714285714286
AUC: 0.922077922077922
AUC: 0.8181818181818182
AUC: 0.9217687074829932
AUC: 0.9727272727272727
AUC: 0.8575757575757574
AUC: 0.9455782312925171
AUC: 0.9606060606060607
AUC: 0.8214285714285714
AUC: 0.803030303030303
AUC: 0.9610389610389609
AUC: 0.9121212121212121
AUC: 0.8636363636363636
AUC: 0.9636363636363636
AUC: 0.9575757575757575
AUC: 0.9829931972789117
AUC: 0.9863945578231292
AUC: 0.8084415584415584
AUC: 0.9155844155844156
AUC: 0.906060606060606
AUC: 0.9363636363636364
AUC: 0.8393939393939394
AUC: 0.8757575757575757
AUC: 0.8311688311688312
AUC: 0.9123376623376623
AUC: 0.9183673469387755
AUC: 0.9515151515151514
AUC: 0.9155844155844155
AUC: 0.8766233766233766
AUC: 0.961038961038961
AUC: 0.8538961038961038
AUC: 0.9455782312925171
AUC: 0.9863945578231292
AUC: 0.9090909090909092
AUC: 0.935064935064935
AUC: 0.9353741496598639
AUC: 0.9121212121212121
AUC: 0.8775510204081632
AUC: 0.974025974025974
AUC: 0.9696969696969697
AUC: 0.9454545454545454
AUC: 0.891156462585034
AUC: 0.8265306122448979
AUC: 0.9897959183673469
AUC: 0.8484848484848484
AUC: 0.8506493506493507
AUC: 0.8279220779220778
AUC: 0.9181818181818183
AUC: 0.9217687074829932
AUC: 0.9123376623376623
AUC: 0.9545454545454545
AUC: 0.8757575757575757
AUC: 0.8928571428571428
AUC: 0.8435374149659864
AUC: 0.8727272727272728
AUC: 0.8639455782312926
AUC: 0.8848484848484848
AUC: 0.8741496598639457
AUC: 0.8666666666666667
AUC: 0.9090909090909091
AUC: 0.9319727891156462
AUC: 0.8673469387755102
AUC: 0.9393939393939393
AUC: 0.9081632653061225
AUC: 0.9455782312925171
AUC: 0.9253246753246753
AUC: 0.9013605442176871
AUC: 0.9149659863945577
AUC: 0.8575757575757575
AUC: 0.8503401360544218
AUC: 0.8757575757575757
AUC: 0.9333333333333333
AUC: 0.9363636363636363
AUC: 0.814935064935065
AUC: 0.8809523809523809
AUC: 0.9242424242424242
AUC: 0.8741496598639455
AUC: 0.9272727272727272
AUC: 0.9363636363636364
AUC: 0.8367346938775511
AUC: 0.8928571428571428
AUC: 0.8911564625850341
AUC: 0.8961038961038961
AUC: 0.9151515151515152
AUC: 0.8843537414965986
AUC: 0.9285714285714286
AUC: 0.8231292517006803
AUC: 0.9455782312925171
AUC: 0.9090909090909091
AUC: 0.8212121212121212
AUC: 0.961038961038961
AUC: 0.8727272727272728
AUC: 0.8863636363636364
AUC: 0.9818181818181818
AUC: 0.9557823129251701
AUC: 0.8435374149659864
AUC: 0.9181818181818182
AUC: 0.8242424242424243
AUC: 0.8537414965986394
AUC: 0.8575757575757575
AUC: 0.9030303030303031
AUC: 0.9090909090909091
AUC: 0.8757575757575757
AUC: 0.9115646258503401
AUC: 0.95578231292517
AUC: 0.9149659863945578
AUC: 0.8636363636363636
AUC: 0.8151515151515152
AUC: 0.9350649350649352
AUC: 0.8272727272727273
AUC: 0.8809523809523809
AUC: 0.9333333333333333
AUC: 0.9805194805194806
AUC: 0.8741496598639455
AUC: 0.9151515151515152
AUC: 0.9013605442176871
AUC: 0.9149659863945578
AUC: 0.8939393939393939
AUC: 0.8212121212121212
AUC: 0.9013605442176871
AUC: 0.8668831168831168
AUC: 0.9242424242424243
AUC: 0.8993506493506493
AUC: 0.9013605442176871
AUC: 0.9285714285714285
AUC: 0.8121212121212121
AUC: 0.9242424242424243
AUC: 0.9557823129251701
AUC: 0.8424242424242424
AUC: 0.9212121212121211
AUC: 0.9151515151515153
AUC: 0.922077922077922
AUC: 0.8979591836734694
AUC: 0.9795918367346939
AUC: 0.9393939393939393
AUC: 0.9212121212121211
AUC: 0.9217687074829932
AUC: 0.8961038961038961
AUC: 0.9484848484848485
AUC: 0.9149659863945578
AUC: 0.826530612244898
AUC: 0.9285714285714286
AUC: 0.9512987012987013
AUC: 0.9123376623376623
AUC: 0.9090909090909092
AUC: 0.8121212121212121
AUC: 0.9363636363636363
AUC: 0.9393939393939393
AUC: 0.9090909090909091
AUC: 0.9047619047619048
AUC: 0.9421768707482994
AUC: 0.95578231292517
AUC: 0.8538961038961038
AUC: 0.9217687074829932
AUC: 0.9303030303030303
AUC: 0.8393939393939394
AUC: 0.7857142857142856
AUC: 0.9
AUC: 0.9217687074829932
AUC: 0.880952380952381
AUC: 0.8878787878787878
AUC: 0.8603896103896105
AUC: 0.7532467532467533
AUC: 0.8673469387755102
AUC: 0.8484848484848485
AUC: 0.9787878787878788
AUC: 0.9318181818181818
AUC: 0.95578231292517
AUC: 0.8606060606060606
AUC: 0.8605442176870749
AUC: 0.9303030303030303
AUC: 0.9727891156462585
AUC: 0.9863945578231292
AUC: 0.9625850340136055
AUC: 0.9693877551020409
AUC: 0.91156462585034
AUC: 0.9212121212121213
AUC: 0.9025974025974025
AUC: 0.9013605442176871
AUC: 0.8668831168831169
AUC: 0.8515151515151516
AUC: 0.9121212121212121
AUC: 0.896969696969697
AUC: 0.979591836734694
AUC: 0.906060606060606
AUC: 0.9454545454545454
AUC: 0.8979591836734695
AUC: 0.9090909090909092
AUC: 0.8363636363636364
AUC: 0.846938775510204
AUC: 0.8831168831168831
AUC: 0.8636363636363636
AUC: 0.9523809523809523
AUC: 0.8095238095238095
AUC: 0.9557823129251701
AUC: 0.903030303030303
AUC: 0.8333333333333333
AUC: 0.8503401360544218
AUC: 0.9181818181818182
AUC: 0.9319727891156462
AUC: 0.9285714285714286
AUC: 0.8435374149659864
AUC: 0.8484848484848485
AUC: 0.9772727272727272
AUC: 0.8741496598639455
AUC: 0.8435374149659864
AUC: 0.8707482993197279
AUC: 0.8863636363636364
AUC: 0.9081632653061225
AUC: 0.8265306122448979
AUC: 0.8878787878787878
AUC: 0.8878787878787879
AUC: 0.9090909090909091
AUC: 0.9642857142857142
AUC: 0.8401360544217686
AUC: 0.8757575757575758
AUC: 0.9696969696969696
AUC: 0.8993506493506493
AUC: 0.8775510204081632
AUC: 0.7333333333333334
AUC: 0.8503401360544218
AUC: 0.8848484848484848
AUC: 0.8673469387755102
AUC: 0.8606060606060606
AUC: 0.9591836734693877
AUC: 0.9285714285714286
AUC: 0.8818181818181818
AUC: 0.8848484848484848
AUC: 0.9212121212121211
AUC: 0.7922077922077921
AUC: 0.9047619047619048
AUC: 0.9387755102040816
AUC: 0.9030303030303031
AUC: 0.7993197278911565
AUC: 0.893939393939394
AUC: 0.8639455782312925
AUC: 0.8666666666666667
AUC: 0.9415584415584415
AUC: 0.9727272727272727
AUC: 0.8537414965986394
AUC: 0.9253246753246753
AUC: 0.9181818181818182
AUC: 0.8333333333333334
AUC: 0.8151515151515151
AUC: 0.9523809523809523
AUC: 0.9081632653061225
AUC: 0.9025974025974026
AUC: 0.8121212121212121
AUC: 0.8878787878787879
AUC: 0.8424242424242425
AUC: 0.9151515151515152
AUC: 0.9272727272727272
AUC: 0.8877551020408163
AUC: 0.9
AUC: 0.9512987012987013
AUC: 0.8979591836734694
AUC: 0.9025974025974026
AUC: 0.8299319727891157
AUC: 0.9212121212121213
AUC: 0.9489795918367347
AUC: 0.8246753246753247
AUC: 0.915151515151515
AUC: 0.948051948051948
AUC: 0.8741496598639455
AUC: 0.9387755102040816
AUC: 0.8575757575757577
AUC: 0.9318181818181819
AUC: 0.9727272727272728
AUC: 0.8877551020408163
AUC: 0.8639455782312926
AUC: 0.8928571428571429
AUC: 0.8303030303030303
AUC: 0.870748299319728
AUC: 0.9818181818181818
AUC: 0.8503401360544218
AUC: 0.8733766233766234
AUC: 0.9545454545454546
AUC: 0.8979591836734694
AUC: 0.9333333333333333
AUC: 0.8484848484848485
AUC: 0.9353741496598639
AUC: 0.8979591836734695
AUC: 0.9090909090909092
AUC: 0.8474025974025974
AUC: 0.9149659863945578
AUC: 0.890909090909091
AUC: 0.8538961038961039
AUC: 0.8673469387755103
AUC: 0.9575757575757575
AUC: 0.8909090909090909
AUC: 0.8741496598639457
AUC: 0.7993197278911566
AUC: 0.9545454545454546
AUC: 0.8809523809523809
AUC: 0.9727272727272727
AUC: 0.903030303030303
AUC: 0.9319727891156463
AUC: 0.9693877551020408
AUC: 0.7922077922077921
AUC: 0.8878787878787879
AUC: 0.979591836734694
AUC: 0.9030303030303031
AUC: 0.9149659863945578
AUC: 0.9220779220779222
AUC: 0.9183673469387755
AUC: 0.9319727891156463
AUC: 0.7666666666666666
AUC: 0.9319727891156462
AUC: 0.8766233766233766
AUC: 0.9545454545454546
AUC: 0.9151515151515152
AUC: 0.8333333333333334
AUC: 0.8673469387755102
AUC: 0.9393939393939394
AUC: 0.9489795918367347
AUC: 0.8766233766233766
AUC: 0.8707482993197279
AUC: 0.9545454545454546
AUC: 0.903030303030303
AUC: 0.8435374149659864
AUC: 0.8999999999999999
AUC: 0.8606060606060606
AUC: 0.9285714285714286
AUC: 0.9318181818181818
AUC: 0.9421768707482993
AUC: 0.8809523809523809
AUC: 0.8636363636363636
AUC: 0.8575757575757574
AUC: 0.7878787878787878
AUC: 0.9393939393939394
AUC: 0.9123376623376622
AUC: 0.8
AUC: 0.9188311688311688
AUC: 0.8435374149659864
AUC: 0.8843537414965986
AUC: 0.9181818181818182
AUC: 0.9353741496598639
AUC: 0.8843537414965986
AUC: 0.8818181818181818
AUC: 0.8424242424242424
AUC: 0.9636363636363636
AUC: 0.8928571428571429
AUC: 0.8733766233766234
AUC: 0.9757575757575757
AUC: 0.9090909090909091
AUC: 0.8299319727891157
AUC: 0.8503401360544218
AUC: 0.9149659863945578
AUC: 0.9013605442176871
AUC: 0.8441558441558441
AUC: 0.8246753246753247
AUC: 0.8848484848484849
AUC: 0.9121212121212121
AUC: 0.8095238095238095
AUC: 0.9484848484848485
AUC: 0.9285714285714286
AUC: 0.9625850340136055
AUC: 0.9818181818181818
AUC: 0.9636363636363636
AUC: 0.9217687074829932
AUC: 0.9545454545454545
AUC: 0.8636363636363636
AUC: 0.8757575757575758
AUC: 0.8441558441558441
AUC: 0.8636363636363636
AUC: 0.8537414965986394
AUC: 0.9047619047619048
AUC: 0.8843537414965986
AUC: 0.9285714285714285
AUC: 0.8831168831168831
AUC: 0.9251700680272108
AUC: 0.9285714285714285
AUC: 0.8503401360544218
AUC: 0.8639455782312925
AUC: 0.8878787878787878
AUC: 0.9353741496598639
AUC: 0.9030303030303031
AUC: 0.9666666666666667
AUC: 0.8441558441558442
AUC: 0.9212121212121211
AUC: 0.9693877551020408
AUC: 0.9090909090909091
AUC: 0.8673469387755103
AUC: 0.8299319727891157
AUC: 0.9575757575757576
AUC: 0.9123376623376623
AUC: 0.8571428571428572
AUC: 0.8727272727272727
AUC: 0.9047619047619048
AUC: 0.9795918367346939
AUC: 0.9424242424242425
AUC: 0.9515151515151515
AUC: 0.8775510204081632
slurmstepd: error: *** JOB 33162021 ON seskscpn206 CANCELLED AT 2020-07-03T15:34:30 DUE TO TIME LIMIT ***
